# JRE version: OpenJDK Runtime Environment (8.0_202-b03) (build 1.8.0_202-release-1483-b03)
# Java VM: OpenJDK 64-Bit Server VM (25.202-b03 mixed mode windows-amd64 compressed oops)
Heap:
 PSYoungGen      total 316416K, used 192094K [0x00000000e0000000, 0x00000000f8d80000, 0x0000000100000000)
  eden space 231936K, 73% used [0x00000000e0000000,0x00000000ea76c128,0x00000000ee280000)
  from space 84480K, 24% used [0x00000000f3b00000,0x00000000f4f2ba98,0x00000000f8d80000)
  to   space 87552K, 0% used [0x00000000ee280000,0x00000000ee280000,0x00000000f3800000)
 ParOldGen       total 252416K, used 51310K [0x00000000a0000000, 0x00000000af680000, 0x00000000e0000000)
  object space 252416K, 20% used [0x00000000a0000000,0x00000000a321ba70,0x00000000af680000)
 Metaspace       used 95175K, capacity 100284K, committed 100568K, reserved 1136640K
  class space    used 12114K, capacity 13026K, committed 13056K, reserved 1048576K
GC Heap History (10 events):
Event: 3356.981 GC heap before
{Heap before GC invocations=28 (full 3):
 PSYoungGen      total 301056K, used 289148K [0x00000000e0000000, 0x00000000f7280000, 0x0000000100000000)
  eden space 239104K, 100% used [0x00000000e0000000,0x00000000ee980000,0x00000000ee980000)
  from space 61952K, 80% used [0x00000000f2c80000,0x00000000f5d5f008,0x00000000f6900000)
  to   space 68608K, 0% used [0x00000000ee980000,0x00000000ee980000,0x00000000f2c80000)
 ParOldGen       total 167936K, used 122265K [0x00000000a0000000, 0x00000000aa400000, 0x00000000e0000000)
  object space 167936K, 72% used [0x00000000a0000000,0x00000000a7766760,0x00000000aa400000)
 Metaspace       used 88575K, capacity 93162K, committed 93400K, reserved 1130496K
  class space    used 11359K, capacity 12207K, committed 12288K, reserved 1048576K
Event: 3357.045 GC heap after
Heap after GC invocations=28 (full 3):
 PSYoungGen      total 265728K, used 34144K [0x00000000e0000000, 0x00000000f6600000, 0x0000000100000000)
  eden space 231424K, 0% used [0x00000000e0000000,0x00000000e0000000,0x00000000ee200000)
  from space 34304K, 99% used [0x00000000ee980000,0x00000000f0ad8050,0x00000000f0b00000)
  to   space 67584K, 0% used [0x00000000f2400000,0x00000000f2400000,0x00000000f6600000)
 ParOldGen       total 167936K, used 122273K [0x00000000a0000000, 0x00000000aa400000, 0x00000000e0000000)
  object space 167936K, 72% used [0x00000000a0000000,0x00000000a7768760,0x00000000aa400000)
 Metaspace       used 88575K, capacity 93162K, committed 93400K, reserved 1130496K
  class space    used 11359K, capacity 12207K, committed 12288K, reserved 1048576K
}
Event: 3359.540 GC heap before
{Heap before GC invocations=29 (full 3):
 PSYoungGen      total 265728K, used 265568K [0x00000000e0000000, 0x00000000f6600000, 0x0000000100000000)
  eden space 231424K, 100% used [0x00000000e0000000,0x00000000ee200000,0x00000000ee200000)
  from space 34304K, 99% used [0x00000000ee980000,0x00000000f0ad8050,0x00000000f0b00000)
  to   space 67584K, 0% used [0x00000000f2400000,0x00000000f2400000,0x00000000f6600000)
 ParOldGen       total 167936K, used 122273K [0x00000000a0000000, 0x00000000aa400000, 0x00000000e0000000)
  object space 167936K, 72% used [0x00000000a0000000,0x00000000a7768760,0x00000000aa400000)
 Metaspace       used 88654K, capacity 93238K, committed 93400K, reserved 1130496K
  class space    used 11359K, capacity 12207K, committed 12288K, reserved 1048576K
Event: 3359.646 GC heap after
Heap after GC invocations=29 (full 3):
 PSYoungGen      total 280064K, used 67552K [0x00000000e0000000, 0x00000000fa380000, 0x0000000100000000)
  eden space 212480K, 0% used [0x00000000e0000000,0x00000000e0000000,0x00000000ecf80000)
  from space 67584K, 99% used [0x00000000f2400000,0x00000000f65f81f8,0x00000000f6600000)
  to   space 86528K, 0% used [0x00000000ecf80000,0x00000000ecf80000,0x00000000f2400000)
 ParOldGen       total 167936K, used 142284K [0x00000000a0000000, 0x00000000aa400000, 0x00000000e0000000)
  object space 167936K, 84% used [0x00000000a0000000,0x00000000a8af3378,0x00000000aa400000)
 Metaspace       used 88654K, capacity 93238K, committed 93400K, reserved 1130496K
  class space    used 11359K, capacity 12207K, committed 12288K, reserved 1048576K
}
Event: 3505.425 GC heap before
{Heap before GC invocations=30 (full 3):
 PSYoungGen      total 280064K, used 221036K [0x00000000e0000000, 0x00000000fa380000, 0x0000000100000000)
  eden space 212480K, 72% used [0x00000000e0000000,0x00000000e95e2f98,0x00000000ecf80000)
  from space 67584K, 99% used [0x00000000f2400000,0x00000000f65f81f8,0x00000000f6600000)
  to   space 86528K, 0% used [0x00000000ecf80000,0x00000000ecf80000,0x00000000f2400000)
 ParOldGen       total 167936K, used 142284K [0x00000000a0000000, 0x00000000aa400000, 0x00000000e0000000)
  object space 167936K, 84% used [0x00000000a0000000,0x00000000a8af3378,0x00000000aa400000)
 Metaspace       used 93131K, capacity 98198K, committed 98280K, reserved 1134592K
  class space    used 11925K, capacity 12875K, committed 12928K, reserved 1048576K
Event: 3505.536 GC heap after
Heap after GC invocations=30 (full 3):
 PSYoungGen      total 299008K, used 58354K [0x00000000e0000000, 0x00000000f9380000, 0x0000000100000000)
  eden space 212480K, 0% used [0x00000000e0000000,0x00000000e0000000,0x00000000ecf80000)
  from space 86528K, 67% used [0x00000000ecf80000,0x00000000f087c888,0x00000000f2400000)
  to   space 90624K, 0% used [0x00000000f3b00000,0x00000000f3b00000,0x00000000f9380000)
 ParOldGen       total 167936K, used 142536K [0x00000000a0000000, 0x00000000aa400000, 0x00000000e0000000)
  object space 167936K, 84% used [0x00000000a0000000,0x00000000a8b323a0,0x00000000aa400000)
 Metaspace       used 93131K, capacity 98198K, committed 98280K, reserved 1134592K
  class space    used 11925K, capacity 12875K, committed 12928K, reserved 1048576K
}
Event: 3505.536 GC heap before
{Heap before GC invocations=31 (full 4):
 PSYoungGen      total 299008K, used 58354K [0x00000000e0000000, 0x00000000f9380000, 0x0000000100000000)
  eden space 212480K, 0% used [0x00000000e0000000,0x00000000e0000000,0x00000000ecf80000)
  from space 86528K, 67% used [0x00000000ecf80000,0x00000000f087c888,0x00000000f2400000)
  to   space 90624K, 0% used [0x00000000f3b00000,0x00000000f3b00000,0x00000000f9380000)
 ParOldGen       total 167936K, used 142536K [0x00000000a0000000, 0x00000000aa400000, 0x00000000e0000000)
  object space 167936K, 84% used [0x00000000a0000000,0x00000000a8b323a0,0x00000000aa400000)
 Metaspace       used 93131K, capacity 98198K, committed 98280K, reserved 1134592K
  class space    used 11925K, capacity 12875K, committed 12928K, reserved 1048576K
Event: 3505.894 GC heap after
Heap after GC invocations=31 (full 4):
 PSYoungGen      total 299008K, used 0K [0x00000000e0000000, 0x00000000f9380000, 0x0000000100000000)
  eden space 212480K, 0% used [0x00000000e0000000,0x00000000e0000000,0x00000000ecf80000)
  from space 86528K, 0% used [0x00000000ecf80000,0x00000000ecf80000,0x00000000f2400000)
  to   space 90624K, 0% used [0x00000000f3b00000,0x00000000f3b00000,0x00000000f9380000)
 ParOldGen       total 252416K, used 51302K [0x00000000a0000000, 0x00000000af680000, 0x00000000e0000000)
  object space 252416K, 20% used [0x00000000a0000000,0x00000000a3219a70,0x00000000af680000)
 Metaspace       used 92902K, capacity 97696K, committed 98280K, reserved 1134592K
  class space    used 11869K, capacity 12776K, committed 12928K, reserved 1048576K
}
Event: 3656.558 GC heap before
{Heap before GC invocations=32 (full 4):
 PSYoungGen      total 299008K, used 212480K [0x00000000e0000000, 0x00000000f9380000, 0x0000000100000000)
  eden space 212480K, 100% used [0x00000000e0000000,0x00000000ecf80000,0x00000000ecf80000)
  from space 86528K, 0% used [0x00000000ecf80000,0x00000000ecf80000,0x00000000f2400000)
  to   space 90624K, 0% used [0x00000000f3b00000,0x00000000f3b00000,0x00000000f9380000)
 ParOldGen       total 252416K, used 51302K [0x00000000a0000000, 0x00000000af680000, 0x00000000e0000000)
  object space 252416K, 20% used [0x00000000a0000000,0x00000000a3219a70,0x00000000af680000)
 Metaspace       used 94971K, capacity 100020K, committed 100056K, reserved 1136640K
  class space    used 12113K, capacity 13026K, committed 13056K, reserved 1048576K
Event: 3656.592 GC heap after
Heap after GC invocations=32 (full 4):
 PSYoungGen      total 316416K, used 20654K [0x00000000e0000000, 0x00000000f8d80000, 0x0000000100000000)
  eden space 231936K, 0% used [0x00000000e0000000,0x00000000e0000000,0x00000000ee280000)
  from space 84480K, 24% used [0x00000000f3b00000,0x00000000f4f2ba98,0x00000000f8d80000)
  to   space 87552K, 0% used [0x00000000ee280000,0x00000000ee280000,0x00000000f3800000)
 ParOldGen       total 252416K, used 51310K [0x00000000a0000000, 0x00000000af680000, 0x00000000e0000000)
  object space 252416K, 20% used [0x00000000a0000000,0x00000000a321ba70,0x00000000af680000)
 Metaspace       used 94971K, capacity 100020K, committed 100056K, reserved 1136640K
  class space    used 12113K, capacity 13026K, committed 13056K, reserved 1048576K
}

